# JRE version: OpenJDK Runtime Environment (8.0_212-b04) (build 1.8.0_212-release-1586-b04)
# Java VM: OpenJDK 64-Bit Server VM (25.212-b04 mixed mode windows-amd64 compressed oops)
Heap:
 PSYoungGen      total 159232K, used 159108K [0x00000000f5580000, 0x0000000100000000, 0x0000000100000000)
  eden space 144896K, 99% used [0x00000000f5580000,0x00000000fe2e6960,0x00000000fe300000)
  from space 14336K, 99% used [0x00000000fe300000,0x00000000ff0fa718,0x00000000ff100000)
  to   space 15360K, 0% used [0x00000000ff100000,0x00000000ff100000,0x0000000100000000)
 ParOldGen       total 175104K, used 19424K [0x00000000e0000000, 0x00000000eab00000, 0x00000000f5580000)
  object space 175104K, 11% used [0x00000000e0000000,0x00000000e12f8308,0x00000000eab00000)
 Metaspace       used 55711K, capacity 57470K, committed 57728K, reserved 1099776K
  class space    used 7595K, capacity 8029K, committed 8064K, reserved 1048576K
GC Heap History (10 events):
Event: 4.083 GC heap before
{Heap before GC invocations=5 (full 1):
 PSYoungGen      total 141824K, used 7321K [0x00000000f5580000, 0x00000000fea80000, 0x0000000100000000)
  eden space 131072K, 0% used [0x00000000f5580000,0x00000000f5580000,0x00000000fd580000)
  from space 10752K, 68% used [0x00000000fe000000,0x00000000fe7267f8,0x00000000fea80000)
  to   space 10752K, 0% used [0x00000000fd580000,0x00000000fd580000,0x00000000fe000000)
 ParOldGen       total 175104K, used 1171K [0x00000000e0000000, 0x00000000eab00000, 0x00000000f5580000)
  object space 175104K, 0% used [0x00000000e0000000,0x00000000e0124fe0,0x00000000eab00000)
 Metaspace       used 20697K, capacity 21256K, committed 21296K, reserved 1067008K
  class space    used 2969K, capacity 3188K, committed 3200K, reserved 1048576K
Event: 4.154 GC heap after
Heap after GC invocations=5 (full 1):
 PSYoungGen      total 141824K, used 0K [0x00000000f5580000, 0x00000000fea80000, 0x0000000100000000)
  eden space 131072K, 0% used [0x00000000f5580000,0x00000000f5580000,0x00000000fd580000)
  from space 10752K, 0% used [0x00000000fe000000,0x00000000fe000000,0x00000000fea80000)
  to   space 10752K, 0% used [0x00000000fd580000,0x00000000fd580000,0x00000000fe000000)
 ParOldGen       total 175104K, used 7224K [0x00000000e0000000, 0x00000000eab00000, 0x00000000f5580000)
  object space 175104K, 4% used [0x00000000e0000000,0x00000000e070e208,0x00000000eab00000)
 Metaspace       used 20697K, capacity 21256K, committed 21296K, reserved 1067008K
  class space    used 2969K, capacity 3188K, committed 3200K, reserved 1048576K
}
Event: 5.993 GC heap before
{Heap before GC invocations=6 (full 1):
 PSYoungGen      total 141824K, used 131072K [0x00000000f5580000, 0x00000000fea80000, 0x0000000100000000)
  eden space 131072K, 100% used [0x00000000f5580000,0x00000000fd580000,0x00000000fd580000)
  from space 10752K, 0% used [0x00000000fe000000,0x00000000fe000000,0x00000000fea80000)
  to   space 10752K, 0% used [0x00000000fd580000,0x00000000fd580000,0x00000000fe000000)
 ParOldGen       total 175104K, used 7224K [0x00000000e0000000, 0x00000000eab00000, 0x00000000f5580000)
  object space 175104K, 4% used [0x00000000e0000000,0x00000000e070e208,0x00000000eab00000)
 Metaspace       used 32017K, capacity 32674K, committed 33024K, reserved 1077248K
  class space    used 4378K, capacity 4598K, committed 4608K, reserved 1048576K
Event: 6.022 GC heap after
Heap after GC invocations=6 (full 1):
 PSYoungGen      total 141824K, used 10749K [0x00000000f5580000, 0x0000000100000000, 0x0000000100000000)
  eden space 131072K, 0% used [0x00000000f5580000,0x00000000f5580000,0x00000000fd580000)
  from space 10752K, 99% used [0x00000000fd580000,0x00000000fdfff448,0x00000000fe000000)
  to   space 15360K, 0% used [0x00000000ff100000,0x00000000ff100000,0x0000000100000000)
 ParOldGen       total 175104K, used 9241K [0x00000000e0000000, 0x00000000eab00000, 0x00000000f5580000)
  object space 175104K, 5% used [0x00000000e0000000,0x00000000e0906598,0x00000000eab00000)
 Metaspace       used 32017K, capacity 32674K, committed 33024K, reserved 1077248K
  class space    used 4378K, capacity 4598K, committed 4608K, reserved 1048576K
}
Event: 6.767 GC heap before
{Heap before GC invocations=7 (full 1):
 PSYoungGen      total 141824K, used 70879K [0x00000000f5580000, 0x0000000100000000, 0x0000000100000000)
  eden space 131072K, 45% used [0x00000000f5580000,0x00000000f9038a90,0x00000000fd580000)
  from space 10752K, 99% used [0x00000000fd580000,0x00000000fdfff448,0x00000000fe000000)
  to   space 15360K, 0% used [0x00000000ff100000,0x00000000ff100000,0x0000000100000000)
 ParOldGen       total 175104K, used 9241K [0x00000000e0000000, 0x00000000eab00000, 0x00000000f5580000)
  object space 175104K, 5% used [0x00000000e0000000,0x00000000e0906598,0x00000000eab00000)
 Metaspace       used 34623K, capacity 35408K, committed 35456K, reserved 1079296K
  class space    used 4757K, capacity 4969K, committed 4992K, reserved 1048576K
Event: 6.784 GC heap after
Heap after GC invocations=7 (full 1):
 PSYoungGen      total 160256K, used 9106K [0x00000000f5580000, 0x0000000100000000, 0x0000000100000000)
  eden space 144896K, 0% used [0x00000000f5580000,0x00000000f5580000,0x00000000fe300000)
  from space 15360K, 59% used [0x00000000ff100000,0x00000000ff9e48c0,0x0000000100000000)
  to   space 14336K, 0% used [0x00000000fe300000,0x00000000fe300000,0x00000000ff100000)
 ParOldGen       total 175104K, used 9249K [0x00000000e0000000, 0x00000000eab00000, 0x00000000f5580000)
  object space 175104K, 5% used [0x00000000e0000000,0x00000000e0908598,0x00000000eab00000)
 Metaspace       used 34623K, capacity 35408K, committed 35456K, reserved 1079296K
  class space    used 4757K, capacity 4969K, committed 4992K, reserved 1048576K
}
Event: 6.784 GC heap before
{Heap before GC invocations=8 (full 2):
 PSYoungGen      total 160256K, used 9106K [0x00000000f5580000, 0x0000000100000000, 0x0000000100000000)
  eden space 144896K, 0% used [0x00000000f5580000,0x00000000f5580000,0x00000000fe300000)
  from space 15360K, 59% used [0x00000000ff100000,0x00000000ff9e48c0,0x0000000100000000)
  to   space 14336K, 0% used [0x00000000fe300000,0x00000000fe300000,0x00000000ff100000)
 ParOldGen       total 175104K, used 9249K [0x00000000e0000000, 0x00000000eab00000, 0x00000000f5580000)
  object space 175104K, 5% used [0x00000000e0000000,0x00000000e0908598,0x00000000eab00000)
 Metaspace       used 34623K, capacity 35408K, committed 35456K, reserved 1079296K
  class space    used 4757K, capacity 4969K, committed 4992K, reserved 1048576K
Event: 6.851 GC heap after
Heap after GC invocations=8 (full 2):
 PSYoungGen      total 160256K, used 0K [0x00000000f5580000, 0x0000000100000000, 0x0000000100000000)
  eden space 144896K, 0% used [0x00000000f5580000,0x00000000f5580000,0x00000000fe300000)
  from space 15360K, 0% used [0x00000000ff100000,0x00000000ff100000,0x0000000100000000)
  to   space 14336K, 0% used [0x00000000fe300000,0x00000000fe300000,0x00000000ff100000)
 ParOldGen       total 175104K, used 15753K [0x00000000e0000000, 0x00000000eab00000, 0x00000000f5580000)
  object space 175104K, 8% used [0x00000000e0000000,0x00000000e0f62420,0x00000000eab00000)
 Metaspace       used 34609K, capacity 35360K, committed 35456K, reserved 1079296K
  class space    used 4753K, capacity 4961K, committed 4992K, reserved 1048576K
}
Event: 9.229 GC heap before
{Heap before GC invocations=9 (full 2):
 PSYoungGen      total 160256K, used 144896K [0x00000000f5580000, 0x0000000100000000, 0x0000000100000000)
  eden space 144896K, 100% used [0x00000000f5580000,0x00000000fe300000,0x00000000fe300000)
  from space 15360K, 0% used [0x00000000ff100000,0x00000000ff100000,0x0000000100000000)
  to   space 14336K, 0% used [0x00000000fe300000,0x00000000fe300000,0x00000000ff100000)
 ParOldGen       total 175104K, used 15753K [0x00000000e0000000, 0x00000000eab00000, 0x00000000f5580000)
  object space 175104K, 8% used [0x00000000e0000000,0x00000000e0f62420,0x00000000eab00000)
 Metaspace       used 46688K, capacity 47962K, committed 48128K, reserved 1091584K
  class space    used 6273K, capacity 6634K, committed 6656K, reserved 1048576K
Event: 9.266 GC heap after
Heap after GC invocations=9 (full 2):
 PSYoungGen      total 159232K, used 14313K [0x00000000f5580000, 0x0000000100000000, 0x0000000100000000)
  eden space 144896K, 0% used [0x00000000f5580000,0x00000000f5580000,0x00000000fe300000)
  from space 14336K, 99% used [0x00000000fe300000,0x00000000ff0fa718,0x00000000ff100000)
  to   space 15360K, 0% used [0x00000000ff100000,0x00000000ff100000,0x0000000100000000)
 ParOldGen       total 175104K, used 19424K [0x00000000e0000000, 0x00000000eab00000, 0x00000000f5580000)
  object space 175104K, 11% used [0x00000000e0000000,0x00000000e12f8308,0x00000000eab00000)
 Metaspace       used 46688K, capacity 47962K, committed 48128K, reserved 1091584K
  class space    used 6273K, capacity 6634K, committed 6656K, reserved 1048576K
}

